<?xml version="1.0" encoding="UTF-8"?>
<!-- Generated by org.testng.reporters.JUnitReportReporter -->
<testsuite hostname="DESKTOP-NBPVL8F" failures="0" tests="1" name="abc.Testcase2" time="0.006" errors="0" timestamp="2022-09-18T13:30:55 IST" skipped="0">
  <testcase classname="abc.Testcase2" name="testcase2" time="0.006"/>
  <system-out/>
</testsuite> <!-- abc.Testcase2 -->
