<?xml version="1.0" encoding="UTF-8"?>
<!-- Generated by org.testng.reporters.JUnitReportReporter -->
<testsuite hostname="DESKTOP-NBPVL8F" failures="0" tests="1" name="abc.Testcase1" time="0.004" errors="0" timestamp="2022-09-18T13:30:55 IST" skipped="0">
  <testcase classname="abc.Testcase1" name="testcase1" time="0.004"/>
  <system-out/>
</testsuite> <!-- abc.Testcase1 -->
